app/build/intermediates/manifest_merge_blame_file/debug/manifest-merger-blame-debug-report.txt
1<?xml version="1.0" encoding="utf-8"?>
2<manifest xmlns:android="http://schemas.android.com/apk/res/android"
3    package="com.kponomarev.oneofthenewproject"
4    android:versionCode="1"
5    android:versionName="1.0" >
6
7    <uses-sdk
8        android:minSdkVersion="24"
8-->src\main\AndroidManifest.xml
9        android:targetSdkVersion="30" />
9-->src\main\AndroidManifest.xml
10
11    <application
11-->src\main\AndroidManifest.xml:6:5-25:19
12        android:allowBackup="true"
12-->src\main\AndroidManifest.xml:7:9-35
13        android:appComponentFactory="androidx.core.app.CoreComponentFactory"
13-->[androidx.core:core:1.8.0] AndroidManifest.xml:24:18-86
14        android:dataExtractionRules="@xml/data_extraction_rules"
14-->src\main\AndroidManifest.xml:8:9-65
15        android:debuggable="true"
16        android:extractNativeLibs="false"
17        android:fullBackupContent="@xml/backup_rules"
17-->src\main\AndroidManifest.xml:9:9-54
18        android:icon="@mipmap/ic_launcher"
18-->src\main\AndroidManifest.xml:10:9-43
19        android:label="@string/app_name"
19-->src\main\AndroidManifest.xml:11:9-41
20        android:roundIcon="@mipmap/ic_launcher_round"
20-->src\main\AndroidManifest.xml:12:9-54
21        android:supportsRtl="true"
21-->src\main\AndroidManifest.xml:13:9-35
22        android:theme="@style/Theme.OneOfTheNewProject" >
22-->src\main\AndroidManifest.xml:14:9-56
23        <activity
23-->src\main\AndroidManifest.xml:16:9-24:20
24            android:name="com.kponomarev.oneofthenewproject.MainActivity"
24-->src\main\AndroidManifest.xml:17:13-41
25            android:exported="true" >
25-->src\main\AndroidManifest.xml:18:13-36
26            <intent-filter>
26-->src\main\AndroidManifest.xml:19:13-23:29
27                <action android:name="android.intent.action.MAIN" />
27-->src\main\AndroidManifest.xml:20:17-69
27-->src\main\AndroidManifest.xml:20:25-66
28
29                <category android:name="android.intent.category.LAUNCHER" />
29-->src\main\AndroidManifest.xml:22:17-77
29-->src\main\AndroidManifest.xml:22:27-74
30            </intent-filter>
31        </activity>
32
33        <uses-library
33-->[androidx.window:window:1.0.0] AndroidManifest.xml:25:9-27:40
34            android:name="androidx.window.extensions"
34-->[androidx.window:window:1.0.0] AndroidManifest.xml:26:13-54
35            android:required="false" />
35-->[androidx.window:window:1.0.0] AndroidManifest.xml:27:13-37
36        <uses-library
36-->[androidx.window:window:1.0.0] AndroidManifest.xml:28:9-30:40
37            android:name="androidx.window.sidecar"
37-->[androidx.window:window:1.0.0] AndroidManifest.xml:29:13-51
38            android:required="false" />
38-->[androidx.window:window:1.0.0] AndroidManifest.xml:30:13-37
39
40        <provider
40-->[androidx.emoji2:emoji2:1.2.0] AndroidManifest.xml:24:9-32:20
41            android:name="androidx.startup.InitializationProvider"
41-->[androidx.emoji2:emoji2:1.2.0] AndroidManifest.xml:25:13-67
42            android:authorities="com.kponomarev.oneofthenewproject.androidx-startup"
42-->[androidx.emoji2:emoji2:1.2.0] AndroidManifest.xml:26:13-68
43            android:exported="false" >
43-->[androidx.emoji2:emoji2:1.2.0] AndroidManifest.xml:27:13-37
44            <meta-data
44-->[androidx.emoji2:emoji2:1.2.0] AndroidManifest.xml:29:13-31:52
45                android:name="androidx.emoji2.text.EmojiCompatInitializer"
45-->[androidx.emoji2:emoji2:1.2.0] AndroidManifest.xml:30:17-75
46                android:value="androidx.startup" />
46-->[androidx.emoji2:emoji2:1.2.0] AndroidManifest.xml:31:17-49
47            <meta-data
47-->[androidx.lifecycle:lifecycle-process:2.4.1] AndroidManifest.xml:31:13-33:52
48                android:name="androidx.lifecycle.ProcessLifecycleInitializer"
48-->[androidx.lifecycle:lifecycle-process:2.4.1] AndroidManifest.xml:32:17-78
49                android:value="androidx.startup" />
49-->[androidx.lifecycle:lifecycle-process:2.4.1] AndroidManifest.xml:33:17-49
50            <meta-data
50-->[androidx.profileinstaller:profileinstaller:1.0.1] AndroidManifest.xml:31:13-33:52
51                android:name="androidx.profileinstaller.ProfileInstallerInitializer"
51-->[androidx.profileinstaller:profileinstaller:1.0.1] AndroidManifest.xml:32:17-85
52                android:value="androidx.startup" />
52-->[androidx.profileinstaller:profileinstaller:1.0.1] AndroidManifest.xml:33:17-49
53        </provider>
54
55        <receiver
55-->[androidx.profileinstaller:profileinstaller:1.0.1] AndroidManifest.xml:36:9-45:20
56            android:name="androidx.profileinstaller.ProfileInstallReceiver"
56-->[androidx.profileinstaller:profileinstaller:1.0.1] AndroidManifest.xml:37:13-76
57            android:directBootAware="false"
57-->[androidx.profileinstaller:profileinstaller:1.0.1] AndroidManifest.xml:38:13-44
58            android:enabled="true"
58-->[androidx.profileinstaller:profileinstaller:1.0.1] AndroidManifest.xml:39:13-35
59            android:exported="true"
59-->[androidx.profileinstaller:profileinstaller:1.0.1] AndroidManifest.xml:40:13-36
60            android:permission="android.permission.DUMP" >
60-->[androidx.profileinstaller:profileinstaller:1.0.1] AndroidManifest.xml:41:13-57
61            <intent-filter>
61-->[androidx.profileinstaller:profileinstaller:1.0.1] AndroidManifest.xml:42:13-44:29
62                <action android:name="androidx.profileinstaller.action.INSTALL_PROFILE" />
62-->[androidx.profileinstaller:profileinstaller:1.0.1] AndroidManifest.xml:43:17-91
62-->[androidx.profileinstaller:profileinstaller:1.0.1] AndroidManifest.xml:43:25-88
63            </intent-filter>
64        </receiver>
65    </application>
66
67</manifest>